This is TeX, Version 3.14159 (Web2C 7.3.1) (format=jadetex 2001.3.14)  10 JUN 2001 23:10
**cygwin-xfree-faq.tex
(cygwin-xfree-faq.tex
JadeTeX 2001/03/04: 3.5
LaTeX Font Info:    Try loading font information for T1+ptm on input line 1.
(/usr/share/texmf/tex/latex/psnfss/t1ptm.fd
File: t1ptm.fd 2000/01/12 PSNFSS-v8.1 font definitions for T1/ptm.
)
Elements will be labelled
Jade begin document sequence at 19
(cygwin-xfree-faq.aux)
\openout1 = `cygwin-xfree-faq.aux'.

LaTeX Font Info:    Checking defaults for OML/cmm/m/it on input line 19.
LaTeX Font Info:    ... okay on input line 19.
LaTeX Font Info:    Checking defaults for T1/cmr/m/n on input line 19.
LaTeX Font Info:    ... okay on input line 19.
LaTeX Font Info:    Checking defaults for OT1/cmr/m/n on input line 19.
LaTeX Font Info:    ... okay on input line 19.
LaTeX Font Info:    Checking defaults for OMS/cmsy/m/n on input line 19.
LaTeX Font Info:    ... okay on input line 19.
LaTeX Font Info:    Checking defaults for OMX/cmex/m/n on input line 19.
LaTeX Font Info:    ... okay on input line 19.
LaTeX Font Info:    Checking defaults for U/cmr/m/n on input line 19.
LaTeX Font Info:    ... okay on input line 19.
LaTeX Font Info:    Checking defaults for PD1/pdf/m/n on input line 19.
LaTeX Font Info:    ... okay on input line 19.
LaTeX Font Info:    Checking defaults for T2A/cmr/m/n on input line 19.
LaTeX Font Info:    Try loading font information for T2A+cmr on input line 19.
 (/usr/share/texmf/tex/latex/cyrillic/t2acmr.fd
File: t2acmr.fd 1999/01/07 v1.0 Computer Modern Cyrillic font definitions
)
LaTeX Font Info:    ... okay on input line 19.
LaTeX Font Info:    Checking defaults for TS1/cmr/m/n on input line 19.
LaTeX Font Info:    Try loading font information for TS1+cmr on input line 19.

(/usr/share/texmf/tex/latex/base/ts1cmr.fd
File: ts1cmr.fd 1999/05/25 v2.5h Standard LaTeX font definitions
)
LaTeX Font Info:    ... okay on input line 19.
LaTeX Font Info:    Checking defaults for LECO/omseco/m/n on input line 19.
LaTeX Font Info:    ... okay on input line 19.
LaTeX Font Info:    Checking defaults for LECX/omsecx/m/n on input line 19.
LaTeX Font Info:    ... okay on input line 19.
LaTeX Font Info:    Checking defaults for LECY/omsecy/m/n on input line 19.
LaTeX Font Info:    ... okay on input line 19.
LaTeX Font Info:    Checking defaults for LEGR/omsegr/m/n on input line 19.
LaTeX Font Info:    ... okay on input line 19.
LaTeX Font Info:    Checking defaults for LEHA/omseha/m/n on input line 19.
LaTeX Font Info:    ... okay on input line 19.
LaTeX Font Info:    Checking defaults for LEIP/omseip/m/n on input line 19.
LaTeX Font Info:    ... okay on input line 19.
LaTeX Font Info:    Checking defaults for LELA/omsela/m/n on input line 19.
LaTeX Font Info:    ... okay on input line 19.
LaTeX Font Info:    Checking defaults for LETI/omseti/m/n on input line 19.
LaTeX Font Info:    ... okay on input line 19.
Package hyperref Info: Link coloring ON on input line 19.

(/usr/share/texmf/tex/latex/hyperref/nameref.sty
Package: nameref 2000/05/08 v2.18 Cross-referencing by name of section
\c@section@level=\count113
)
LaTeX Info: Redefining \ref on input line 19.
LaTeX Info: Redefining \pageref on input line 19.
LaTeX Font Info:    Try loading font information for T1+phv on input line 125.

(/usr/share/texmf/tex/latex/psnfss/t1phv.fd
File: t1phv.fd 2000/01/12 PSNFSS-v8.1 scalable font definitions for T1/phv.
)
LaTeX Font Info:    Font shape `T1/phv/bx/n' in size <24.883> not available
(Font)              Font shape `T1/phv/b/n' tried instead on input line 125.
LaTeX Font Info:    Font shape `T1/phv/bx/n' in size <17.28> not available
(Font)              Font shape `T1/phv/b/n' tried instead on input line 141.
LaTeX Font Info:    Font shape `T1/ptm/bx/n' in size <10> not available
(Font)              Font shape `T1/ptm/b/n' tried instead on input line 201.
LaTeX Font Info:    Try loading font information for TS1+ptm on input line 290.


(/usr/share/texmf/tex/latex/psnfss/ts1ptm.fd
File: ts1ptm.fd 2000/01/12 PSNFSS-v8.1 font definitions for TS1/ptm.
) [1.0.20]
LaTeX Font Info:    Font shape `T1/phv/bx/n' in size <9> not available
(Font)              Font shape `T1/phv/b/n' tried instead on input line 622.
 [2.0.20]
LaTeX Font Info:    Try loading font information for T1+pcr on input line 827.

(/usr/share/texmf/tex/latex/psnfss/t1pcr.fd
File: t1pcr.fd 2000/01/12 PSNFSS-v8.1 font definitions for T1/pcr.
) [3.0.20]
LaTeX Font Info:    Font shape `T1/pcr/m/it' in size <10> not available
(Font)              Font shape `T1/pcr/m/sl' tried instead on input line 992.
 [4.0.20]
LaTeX Font Info:    Font shape `T1/pcr/m/it' in size <9> not available
(Font)              Font shape `T1/pcr/m/sl' tried instead on input line 1190.
LaTeX Font Info:    Font shape `T1/pcr/bx/n' in size <10> not available
(Font)              Font shape `T1/pcr/b/n' tried instead on input line 1255.
LaTeX Font Info:    Font shape `T1/pcr/bx/it' in size <10> not available
(Font)              Font shape `T1/pcr/b/it' tried instead on input line 1280.
LaTeX Font Info:    Font shape `T1/pcr/b/it' in size <10> not available
(Font)              Font shape `T1/pcr/b/sl' tried instead on input line 1280.
 [5.0.20]
[6.0.20] [7.0.20] [8.0.20]
LaTeX Font Info:    Font shape `T1/phv/bx/n' in size <10> not available
(Font)              Font shape `T1/phv/b/n' tried instead on input line 2393.
 [9.0.20] [10.0.20] [11.0.20]
LaTeX Font Info:    Font shape `T1/phv/bx/n' in size <14.4> not available
(Font)              Font shape `T1/phv/b/n' tried instead on input line 3202.
 [12.0.20]
LaTeX Font Info:    Font shape `T1/phv/bx/n' in size <20.736> not available
(Font)              Font shape `T1/phv/b/n' tried instead on input line 4159.
LaTeX Font Info:    Font shape `T1/phv/bx/it' in size <17.28> not available
(Font)              Font shape `T1/phv/b/it' tried instead on input line 4185.
LaTeX Font Info:    Font shape `T1/phv/b/it' in size <17.28> not available
(Font)              Font shape `T1/phv/b/sl' tried instead on input line 4185.
 [13.0.20]
[14.0.20]
Overfull \vbox (1.0pt too high) has occurred while \output is active []

 [15.0.20

]
Overfull \vbox (1.0pt too high) has occurred while \output is active []

 [16.0.20]
Overfull \vbox (1.0pt too high) has occurred while \output is active []

 [17.0.20]
Overfull \vbox (1.0pt too high) has occurred while \output is active []

 [18.0.20]
Overfull \vbox (1.0pt too high) has occurred while \output is active []

 [19.0.20]
Overfull \vbox (1.0pt too high) has occurred while \output is active []

 [20.0.20]
Overfull \vbox (1.0pt too high) has occurred while \output is active []

 [21.0.20]
Overfull \vbox (1.0pt too high) has occurred while \output is active []

 [22.0.20]
(cygwin-xfree-faq.aux) ) 
Here is how much of TeX's memory you used:
 1139 strings out of 41190
 9734 string characters out of 599954
 135629 words of memory out of 1100001
 13711 multiletter control sequences out of 10000+50000
 32885 words of font info for 41 fonts, out of 400000 for 1000
 16 hyphenation exceptions out of 1000
 24i,12n,39p,358b,1461s stack positions out of 1500i,500n,1500p,50000b,5000s

Output written on cygwin-xfree-faq.dvi (22 pages, 77744 bytes).
